{
  "stats": {
    "suites": 1,
    "tests": 8,
    "passes": 8,
    "pending": 0,
    "failures": 0,
    "start": "2022-05-30T10:27:09.899Z",
    "end": "2022-05-30T10:27:19.757Z",
    "duration": 9858,
    "testsRegistered": 8,
    "passPercent": 100,
    "pendingPercent": 0,
    "other": 0,
    "hasOther": false,
    "skipped": 0,
    "hasSkipped": false
  },
  "results": [
    {
      "uuid": "bf6cf9ec-1cee-45ad-8b5d-1d37c3458829",
      "title": "",
      "fullFile": "cypress/integration/swagLabsLoginPage.spec.js",
      "file": "cypress/integration/swagLabsLoginPage.spec.js",
      "beforeHooks": [],
      "afterHooks": [],
      "tests": [],
      "suites": [
        {
          "uuid": "c481d901-c5a4-4e20-ac10-1b4ba06ac39d",
          "title": "Verify login page",
          "fullFile": "",
          "file": "",
          "beforeHooks": [],
          "afterHooks": [],
          "tests": [
            {
              "title": "check login page",
              "fullTitle": "Verify login page check login page",
              "timedOut": null,
              "duration": 773,
              "state": "passed",
              "speed": "fast",
              "pass": true,
              "fail": false,
              "pending": false,
              "context": null,
              "code": "//checks whether url includes \"saucedemo\" and title Swaglabs\ncy.url().should('include', 'saucedemo');\ncy.title().should('eq', 'Swag Labs'); //checks login logo \ncy.get('.login_logo').should('have.css', 'text-align', 'center'); //checks placeholder values of username, password, and value Login for login button.\ncy.get('#user-name').should('have.attr', 'placeholder', 'Username').and('have.css', 'color', 'rgb(72, 76, 85)');\ncy.get('#password').should('have.attr', 'placeholder', 'Password').and('have.css', 'color', 'rgb(72, 76, 85)');\ncy.get('#login-button').should('have.attr', 'value', 'Login'); //checks for username text  on the page\ncy.get('#login_credentials').find('h4').should('contain.text', 'Accepted usernames are:'); //checks for password text  on the page\ncy.get('.login_password').find('h4').should('contain.text', 'Password for all users');",
              "err": {},
              "uuid": "3801da82-bf79-4b37-aa3e-f2167cc880b1",
              "parentUUID": "c481d901-c5a4-4e20-ac10-1b4ba06ac39d",
              "isHook": false,
              "skipped": false
            },
            {
              "title": "try to login with valid username and valid password",
              "fullTitle": "Verify login page try to login with valid username and valid password",
              "timedOut": null,
              "duration": 1819,
              "state": "passed",
              "speed": "fast",
              "pass": true,
              "fail": false,
              "pending": false,
              "context": null,
              "code": "cy.login('standard_user', 'secret_sauce'); //sould navigate to inventory page\ncy.url().should('include', 'inventory.html');\ncy.get('#react-burger-menu-btn').should('contain.text', 'Open Menu');\ncy.logout();\ncy.get('.login_logo').should('have.class', 'login_logo');",
              "err": {},
              "uuid": "de585dc2-e1ef-4a4c-aeb9-99db95795ea9",
              "parentUUID": "c481d901-c5a4-4e20-ac10-1b4ba06ac39d",
              "isHook": false,
              "skipped": false
            },
            {
              "title": "try to login with invalid username and valid password",
              "fullTitle": "Verify login page try to login with invalid username and valid password",
              "timedOut": null,
              "duration": 1444,
              "state": "passed",
              "speed": "fast",
              "pass": true,
              "fail": false,
              "pending": false,
              "context": null,
              "code": "cy.login('fake_user', 'secret_sauce'); //username and password field should contain the entered username and password and turn red as error message\ncy.get('#user-name').should('have.attr', 'value', 'fake_user');\ncy.get('#user-name').should('have.css', 'border-bottom-color', 'rgb(226, 35, 26)');\ncy.get('#password').should('have.attr', 'value', 'secret_sauce');\ncy.get('#password').should('have.css', 'border-bottom-color', 'rgb(226, 35, 26)'); //error message icon beside username and password\ncy.get('.form_group svg').first().should('have.attr', 'focusable', 'false');\ncy.get('.form_group svg').eq(1).should('have.attr', 'focusable', 'false');\ncy.get('form').find('div').eq(2).as('errorMessage'); //aliasing error messgage box element \ncy.get('@errorMessage').should('contain.text', 'Epic sadface: Username and password do not match any user in this service');\ncy.get('@errorMessage').should('have.css', 'background-color', 'rgb(226, 35, 26)');\ncy.get('@errorMessage').find('button').click(); //error icon in error message field should be clickable.\ncy.get('@errorMessage').should('contain.text', ''); //error message element should be empty after closing.",
              "err": {},
              "uuid": "48176493-1fef-401c-8637-0ea7c00b86c4",
              "parentUUID": "c481d901-c5a4-4e20-ac10-1b4ba06ac39d",
              "isHook": false,
              "skipped": false
            },
            {
              "title": "try to login with valid username and invalid password",
              "fullTitle": "Verify login page try to login with valid username and invalid password",
              "timedOut": null,
              "duration": 1145,
              "state": "passed",
              "speed": "fast",
              "pass": true,
              "fail": false,
              "pending": false,
              "context": null,
              "code": "cy.login('standard_user', 'wrong_sauce');\ncy.get('form').find('div').eq(2).as('errorMessage');\ncy.get('@errorMessage').should('contain.text', 'Epic sadface: Username and password do not match any user in this service');\ncy.get('@errorMessage').should('have.css', 'font-family', 'Roboto, Arial, Helvetica, sans-serif');\ncy.get('@errorMessage').find('button').click();\ncy.get('@errorMessage').should('contain.text', ''); //placeholder value turns black after closing error icon\ncy.get('#user-name').should('have.attr', 'placeholder', 'Username').and('have.css', 'color', 'rgb(72, 76, 85)');\ncy.get('#password').should('have.attr', 'placeholder', 'Password').and('have.css', 'color', 'rgb(72, 76, 85)');",
              "err": {},
              "uuid": "72e01d24-e985-49a4-8591-0936bf25087d",
              "parentUUID": "c481d901-c5a4-4e20-ac10-1b4ba06ac39d",
              "isHook": false,
              "skipped": false
            },
            {
              "title": "try to login with invalid username and invalid password",
              "fullTitle": "Verify login page try to login with invalid username and invalid password",
              "timedOut": null,
              "duration": 1058,
              "state": "passed",
              "speed": "fast",
              "pass": true,
              "fail": false,
              "pending": false,
              "context": null,
              "code": "cy.login('fake_user', 'wrong_sauce');\ncy.get('form').find('div').eq(2).as('errorMessage');\ncy.get('@errorMessage').should('contain.text', 'Epic sadface: Username and password do not match any user in this service');\ncy.get('@errorMessage').should('have.css', 'font-size', '14px');",
              "err": {},
              "uuid": "ba975e70-21c6-4939-859f-e2b7388b0d89",
              "parentUUID": "c481d901-c5a4-4e20-ac10-1b4ba06ac39d",
              "isHook": false,
              "skipped": false
            },
            {
              "title": "try to login with blank username and valid password",
              "fullTitle": "Verify login page try to login with blank username and valid password",
              "timedOut": null,
              "duration": 755,
              "state": "passed",
              "speed": "fast",
              "pass": true,
              "fail": false,
              "pending": false,
              "context": null,
              "code": "cy.emptyUsername('secret_sauce');\ncy.get('#user-name').should('have.attr', 'value', '');\ncy.get('form').find('div').eq(2).as('errorMessage');\ncy.get('@errorMessage').should('contain.text', 'Epic sadface: Username is required');",
              "err": {},
              "uuid": "ca30aebb-f9b3-423a-9de0-530d4ebfee4a",
              "parentUUID": "c481d901-c5a4-4e20-ac10-1b4ba06ac39d",
              "isHook": false,
              "skipped": false
            },
            {
              "title": "try to login with valid username and blank password",
              "fullTitle": "Verify login page try to login with valid username and blank password",
              "timedOut": null,
              "duration": 639,
              "state": "passed",
              "speed": "fast",
              "pass": true,
              "fail": false,
              "pending": false,
              "context": null,
              "code": "cy.emptyPassword('standard_user');\ncy.get('#password').should('have.attr', 'value', '');\ncy.get('form').find('div').eq(2).as('errorMessage');\ncy.get('@errorMessage').should('contain.text', 'Epic sadface: Password is required');",
              "err": {},
              "uuid": "aa244639-067f-4172-9468-c508ff8c853a",
              "parentUUID": "c481d901-c5a4-4e20-ac10-1b4ba06ac39d",
              "isHook": false,
              "skipped": false
            },
            {
              "title": "try to login with blank username and blank password",
              "fullTitle": "Verify login page try to login with blank username and blank password",
              "timedOut": null,
              "duration": 256,
              "state": "passed",
              "speed": "fast",
              "pass": true,
              "fail": false,
              "pending": false,
              "context": null,
              "code": "cy.get('#login-button').click();\ncy.get('#user-name').should('have.attr', 'value', '');\ncy.get('#password').should('have.attr', 'value', '');\ncy.get('form').find('div').eq(2).as('errorMessage');\ncy.get('@errorMessage').should('contain.text', 'Epic sadface: Username is required');",
              "err": {},
              "uuid": "85af21e6-d94c-4126-97e6-cb298097a551",
              "parentUUID": "c481d901-c5a4-4e20-ac10-1b4ba06ac39d",
              "isHook": false,
              "skipped": false
            }
          ],
          "suites": [],
          "passes": [
            "3801da82-bf79-4b37-aa3e-f2167cc880b1",
            "de585dc2-e1ef-4a4c-aeb9-99db95795ea9",
            "48176493-1fef-401c-8637-0ea7c00b86c4",
            "72e01d24-e985-49a4-8591-0936bf25087d",
            "ba975e70-21c6-4939-859f-e2b7388b0d89",
            "ca30aebb-f9b3-423a-9de0-530d4ebfee4a",
            "aa244639-067f-4172-9468-c508ff8c853a",
            "85af21e6-d94c-4126-97e6-cb298097a551"
          ],
          "failures": [],
          "pending": [],
          "skipped": [],
          "duration": 7889,
          "root": false,
          "rootEmpty": false,
          "_timeout": 2000
        }
      ],
      "passes": [],
      "failures": [],
      "pending": [],
      "skipped": [],
      "duration": 0,
      "root": true,
      "rootEmpty": true,
      "_timeout": 2000
    }
  ],
  "meta": {
    "mocha": {
      "version": "7.0.1"
    },
    "mochawesome": {
      "options": {
        "quiet": false,
        "reportFilename": "mochawesome",
        "saveHtml": true,
        "saveJson": true,
        "consoleReporter": "spec",
        "useInlineDiffs": false,
        "code": true
      },
      "version": "7.1.3"
    },
    "marge": {
      "options": {
        "id": "default",
        "reportDir": "cypress/reports/mocha",
        "quite": true,
        "overwrite": false,
        "html": true,
        "json": true
      },
      "version": "6.2.0"
    }
  }
}