{
  "stats": {
    "suites": 1,
    "tests": 1,
    "passes": 1,
    "pending": 0,
    "failures": 0,
    "start": "2022-06-16T09:40:02.582Z",
    "end": "2022-06-16T09:40:06.698Z",
    "duration": 4116,
    "testsRegistered": 1,
    "passPercent": 100,
    "pendingPercent": 0,
    "other": 0,
    "hasOther": false,
    "skipped": 0,
    "hasSkipped": false
  },
  "results": [
    {
      "uuid": "509ce4a4-bef9-4aec-b397-3ceb1de5df89",
      "title": "",
      "fullFile": "cypress/integration/checkboxes&Radiobuttons.spec.js",
      "file": "cypress/integration/checkboxes&Radiobuttons.spec.js",
      "beforeHooks": [],
      "afterHooks": [],
      "tests": [],
      "suites": [
        {
          "uuid": "40529e75-0a6e-4e7b-8766-c17a2e458948",
          "title": "verify the checkbox and ratiobutton",
          "fullFile": "",
          "file": "",
          "beforeHooks": [],
          "afterHooks": [],
          "tests": [
            {
              "title": "check boxes",
              "fullTitle": "verify the checkbox and ratiobutton check boxes",
              "timedOut": null,
              "duration": 4045,
              "state": "passed",
              "speed": "fast",
              "pass": true,
              "fail": false,
              "pending": false,
              "context": null,
              "code": "cy.visit('/');\ncy.contains('Modal & Overlays').click();\ncy.contains('Toastr').click(); // cy.get('[type=\"checkbox\"]').check({force:true})\ncy.get('[type=\"checkbox\"]').eq(0).click({\n  force: true\n});\ncy.get('[type=\"checkbox\"]').eq(0).check({\n  force: true\n});",
              "err": {},
              "uuid": "9c6ae217-49dc-43b8-8db7-15687a44681e",
              "parentUUID": "40529e75-0a6e-4e7b-8766-c17a2e458948",
              "isHook": false,
              "skipped": false
            }
          ],
          "suites": [],
          "passes": [
            "9c6ae217-49dc-43b8-8db7-15687a44681e"
          ],
          "failures": [],
          "pending": [],
          "skipped": [],
          "duration": 4045,
          "root": false,
          "rootEmpty": false,
          "_timeout": 2000
        }
      ],
      "passes": [],
      "failures": [],
      "pending": [],
      "skipped": [],
      "duration": 0,
      "root": true,
      "rootEmpty": true,
      "_timeout": 2000
    }
  ],
  "meta": {
    "mocha": {
      "version": "7.0.1"
    },
    "mochawesome": {
      "options": {
        "quiet": false,
        "reportFilename": "mochawesome",
        "saveHtml": true,
        "saveJson": true,
        "consoleReporter": "spec",
        "useInlineDiffs": false,
        "code": true
      },
      "version": "7.1.3"
    },
    "marge": {
      "options": {
        "id": "default",
        "reportDir": "cypress/reports/mocha",
        "quite": true,
        "overwrite": false,
        "html": true,
        "json": true
      },
      "version": "6.2.0"
    }
  }
}