{
  "stats": {
    "suites": 0,
    "tests": 1,
    "passes": 1,
    "pending": 0,
    "failures": 0,
    "start": "2022-06-16T09:44:15.640Z",
    "end": "2022-06-16T09:44:26.564Z",
    "duration": 10924,
    "testsRegistered": 1,
    "passPercent": 100,
    "pendingPercent": 0,
    "other": 0,
    "hasOther": false,
    "skipped": 0,
    "hasSkipped": false
  },
  "results": [
    {
      "uuid": "f7f6e155-79e8-40a2-8cf6-25437d3e6b24",
      "title": "",
      "fullFile": "cypress/integration/webTables.spec.js",
      "file": "cypress/integration/webTables.spec.js",
      "beforeHooks": [],
      "afterHooks": [],
      "tests": [
        {
          "title": "web tables",
          "fullTitle": "web tables",
          "timedOut": null,
          "duration": 10809,
          "state": "passed",
          "speed": "slow",
          "pass": true,
          "fail": false,
          "pending": false,
          "context": null,
          "code": "cy.visit('/');\ncy.contains('Tables & Data').click();\ncy.contains('Smart Table').click();\ncy.get('tbody').contains('tr', 'Larry').then(tableRow => {\n  cy.wrap(tableRow).find('.nb-edit').click();\n  cy.wrap(tableRow).find('[placeholder=\"Age\"]').clear().type('25');\n  cy.wrap(tableRow).find('.nb-checkmark').click();\n  cy.wrap(tableRow).find('td').eq(6).should('contain', '25');\n});\ncy.get('thead').find('.nb-plus').click();\ncy.get('thead').find('tr').eq(2).then(addNewUser => {\n  cy.wrap(addNewUser).find('[placeholder=\"ID\"]').type('2');\n  cy.wrap(addNewUser).find('[placeholder=\"First Name\"]').type('Khalid');\n  cy.wrap(addNewUser).find('[placeholder=\"Last Name\"]').type('khan');\n  cy.wrap(addNewUser).find('.nb-checkmark').click();\n});\ncy.get('tbody tr').first().find('td').then(checkNewUser => {\n  cy.wrap(checkNewUser).eq(2).should('have.text', 'Khalid');\n  cy.wrap(checkNewUser).eq(3).should('contain.text', 'khan');\n});\nconst age = [20, 30, 40, 200];\ncy.wrap(age).each(age => {\n  cy.get('thead [placeholder=\"Age\"]').clear().type(age);\n  cy.wait(500);\n  cy.get('tbody tr').each(searchForUser => {\n    if (age == 200) {\n      cy.wrap(searchForUser).should('contain', 'No data found');\n    } else {\n      cy.wrap(searchForUser).find('td').should('contain', age);\n    }\n  });\n});",
          "err": {},
          "uuid": "ef4419ca-d3cd-4a70-9903-36f585654ea6",
          "parentUUID": "f7f6e155-79e8-40a2-8cf6-25437d3e6b24",
          "isHook": false,
          "skipped": false
        }
      ],
      "suites": [],
      "passes": [
        "ef4419ca-d3cd-4a70-9903-36f585654ea6"
      ],
      "failures": [],
      "pending": [],
      "skipped": [],
      "duration": 10809,
      "root": true,
      "rootEmpty": false,
      "_timeout": 2000
    }
  ],
  "meta": {
    "mocha": {
      "version": "7.0.1"
    },
    "mochawesome": {
      "options": {
        "quiet": false,
        "reportFilename": "mochawesome",
        "saveHtml": true,
        "saveJson": true,
        "consoleReporter": "spec",
        "useInlineDiffs": false,
        "code": true
      },
      "version": "7.1.3"
    },
    "marge": {
      "options": {
        "id": "default",
        "reportDir": "cypress/reports/mocha",
        "quite": true,
        "overwrite": false,
        "html": true,
        "json": true
      },
      "version": "6.2.0"
    }
  }
}