{
  "stats": {
    "suites": 1,
    "tests": 1,
    "passes": 1,
    "pending": 0,
    "failures": 0,
    "start": "2022-06-16T09:42:41.091Z",
    "end": "2022-06-16T09:43:05.722Z",
    "duration": 24631,
    "testsRegistered": 1,
    "passPercent": 100,
    "pendingPercent": 0,
    "other": 0,
    "hasOther": false,
    "skipped": 0,
    "hasSkipped": false
  },
  "results": [
    {
      "uuid": "2579b7c3-e557-45f9-9656-90aace2e34c8",
      "title": "",
      "fullFile": "cypress/integration/testWithPageObjects.js",
      "file": "cypress/integration/testWithPageObjects.js",
      "beforeHooks": [],
      "afterHooks": [],
      "tests": [],
      "suites": [
        {
          "uuid": "13e95629-d954-4d89-a5ae-001c5c621dc2",
          "title": "Test with page objects",
          "fullFile": "",
          "file": "",
          "beforeHooks": [],
          "afterHooks": [],
          "tests": [
            {
              "title": "should submit Inline and Basic form and select tomorrow datein the calender",
              "fullTitle": "Test with page objects should submit Inline and Basic form and select tomorrow datein the calender",
              "timedOut": null,
              "duration": 24525,
              "state": "passed",
              "speed": "slow",
              "pass": true,
              "fail": false,
              "pending": false,
              "context": null,
              "code": "navigateTo.formsLayoutPage();\nonFormLayoutsPage.submitInlineFormWithNameAndEmail('Artem', 'test@test.com');\nonFormLayoutsPage.submitBasicFormWithEmailAndPassword('test@test.com', 'password');\nnavigateTo.datepickerPage();\nonDatepickerPage.selectCommonDatepickerDateFromToday(1);\nonDatepickerPage.selectDatepickerWithRangeFromToday(10, 26);\nnavigateTo.smartTablepage();\nonSmartTablePage.addNewRecordWithFirstAndLastName('2', 'Artem', 'Bondar');\nonSmartTablePage.updateAgeByFirstName('Artem', '35');\nonSmartTablePage.deleteRowByIndex(1);",
              "err": {},
              "uuid": "0af0ba8e-5007-4410-8934-ca6014eb2334",
              "parentUUID": "13e95629-d954-4d89-a5ae-001c5c621dc2",
              "isHook": false,
              "skipped": false
            }
          ],
          "suites": [],
          "passes": [
            "0af0ba8e-5007-4410-8934-ca6014eb2334"
          ],
          "failures": [],
          "pending": [],
          "skipped": [],
          "duration": 24525,
          "root": false,
          "rootEmpty": false,
          "_timeout": 2000
        }
      ],
      "passes": [],
      "failures": [],
      "pending": [],
      "skipped": [],
      "duration": 0,
      "root": true,
      "rootEmpty": true,
      "_timeout": 2000
    }
  ],
  "meta": {
    "mocha": {
      "version": "7.0.1"
    },
    "mochawesome": {
      "options": {
        "quiet": false,
        "reportFilename": "mochawesome",
        "saveHtml": true,
        "saveJson": true,
        "consoleReporter": "spec",
        "useInlineDiffs": false,
        "code": true
      },
      "version": "7.1.3"
    },
    "marge": {
      "options": {
        "id": "default",
        "reportDir": "cypress/reports/mocha",
        "quite": true,
        "overwrite": false,
        "html": true,
        "json": true
      },
      "version": "6.2.0"
    }
  }
}