{
  "stats": {
    "suites": 1,
    "tests": 1,
    "passes": 1,
    "pending": 0,
    "failures": 0,
    "start": "2022-06-16T09:39:36.786Z",
    "end": "2022-06-16T09:39:51.895Z",
    "duration": 15109,
    "testsRegistered": 1,
    "passPercent": 100,
    "pendingPercent": 0,
    "other": 0,
    "hasOther": false,
    "skipped": 0,
    "hasSkipped": false
  },
  "results": [
    {
      "uuid": "e5664d99-863c-4863-8a07-e85d38d6ec83",
      "title": "",
      "fullFile": "cypress/integration/automation.spec.js",
      "file": "cypress/integration/automation.spec.js",
      "beforeHooks": [],
      "afterHooks": [],
      "tests": [],
      "suites": [
        {
          "uuid": "f5bf3cd8-500c-45b0-937c-b201d52f80d4",
          "title": "Amazon home page validaion",
          "fullFile": "",
          "file": "",
          "beforeHooks": [],
          "afterHooks": [],
          "tests": [
            {
              "title": "dynamic drop down",
              "fullTitle": "Amazon home page validaion dynamic drop down",
              "timedOut": null,
              "duration": 11833,
              "state": "passed",
              "speed": "slow",
              "pass": true,
              "fail": false,
              "pending": false,
              "context": null,
              "code": "cy.get('#nav-search-dropdown-card');\ncy.get('#searchDropdownBox option').each(($el, index, $list) => {\n  // $el is a wrapped jQuery element\n  if ($el.text() === 'Alexa Skills') {\n    // wrap this element so we can\n    // use cypress commands on it\n    cy.wrap($el).should('contain.text', 'Alexa Skills');\n  } else {// do something else\n  }\n});",
              "err": {},
              "uuid": "888fcc8f-4bca-4e26-9d5f-f955bef28f96",
              "parentUUID": "f5bf3cd8-500c-45b0-937c-b201d52f80d4",
              "isHook": false,
              "skipped": false
            }
          ],
          "suites": [],
          "passes": [
            "888fcc8f-4bca-4e26-9d5f-f955bef28f96"
          ],
          "failures": [],
          "pending": [],
          "skipped": [],
          "duration": 11833,
          "root": false,
          "rootEmpty": false,
          "_timeout": 2000
        }
      ],
      "passes": [],
      "failures": [],
      "pending": [],
      "skipped": [],
      "duration": 0,
      "root": true,
      "rootEmpty": true,
      "_timeout": 2000
    }
  ],
  "meta": {
    "mocha": {
      "version": "7.0.1"
    },
    "mochawesome": {
      "options": {
        "quiet": false,
        "reportFilename": "mochawesome",
        "saveHtml": true,
        "saveJson": true,
        "consoleReporter": "spec",
        "useInlineDiffs": false,
        "code": true
      },
      "version": "7.1.3"
    },
    "marge": {
      "options": {
        "id": "default",
        "reportDir": "cypress/reports/mocha",
        "quite": true,
        "overwrite": false,
        "html": true,
        "json": true
      },
      "version": "6.2.0"
    }
  }
}