{
  "stats": {
    "suites": 1,
    "tests": 1,
    "passes": 1,
    "pending": 0,
    "failures": 0,
    "start": "2022-06-16T09:40:49.329Z",
    "end": "2022-06-16T09:40:51.982Z",
    "duration": 2653,
    "testsRegistered": 1,
    "passPercent": 100,
    "pendingPercent": 0,
    "other": 0,
    "hasOther": false,
    "skipped": 0,
    "hasSkipped": false
  },
  "results": [
    {
      "uuid": "2db7de24-d192-460f-b1c5-fa192cc3afe5",
      "title": "",
      "fullFile": "cypress/integration/listsAndDropDowns.spec.js",
      "file": "cypress/integration/listsAndDropDowns.spec.js",
      "beforeHooks": [],
      "afterHooks": [],
      "tests": [],
      "suites": [
        {
          "uuid": "5cb62410-dbb7-4c0b-b910-28dd4f8f31c0",
          "title": "verify the list and dropdown",
          "fullFile": "",
          "file": "",
          "beforeHooks": [],
          "afterHooks": [],
          "tests": [
            {
              "title": "lists and drop down",
              "fullTitle": "verify the list and dropdown lists and drop down",
              "timedOut": null,
              "duration": 2624,
              "state": "passed",
              "speed": "fast",
              "pass": true,
              "fail": false,
              "pending": false,
              "context": null,
              "code": "cy.visit('/');\ncy.get('nav nb-select').click();\ncy.get('.options-list').contains('Dark').click();",
              "err": {},
              "uuid": "1baa75fd-53f7-4e08-be49-e13ff20ece64",
              "parentUUID": "5cb62410-dbb7-4c0b-b910-28dd4f8f31c0",
              "isHook": false,
              "skipped": false
            }
          ],
          "suites": [],
          "passes": [
            "1baa75fd-53f7-4e08-be49-e13ff20ece64"
          ],
          "failures": [],
          "pending": [],
          "skipped": [],
          "duration": 2624,
          "root": false,
          "rootEmpty": false,
          "_timeout": 2000
        }
      ],
      "passes": [],
      "failures": [],
      "pending": [],
      "skipped": [],
      "duration": 0,
      "root": true,
      "rootEmpty": true,
      "_timeout": 2000
    }
  ],
  "meta": {
    "mocha": {
      "version": "7.0.1"
    },
    "mochawesome": {
      "options": {
        "quiet": false,
        "reportFilename": "mochawesome",
        "saveHtml": true,
        "saveJson": true,
        "consoleReporter": "spec",
        "useInlineDiffs": false,
        "code": true
      },
      "version": "7.1.3"
    },
    "marge": {
      "options": {
        "id": "default",
        "reportDir": "cypress/reports/mocha",
        "quite": true,
        "overwrite": false,
        "html": true,
        "json": true
      },
      "version": "6.2.0"
    }
  }
}