{
  "stats": {
    "suites": 0,
    "tests": 1,
    "passes": 1,
    "pending": 0,
    "failures": 0,
    "start": "2022-06-16T09:38:23.842Z",
    "end": "2022-06-16T09:38:28.734Z",
    "duration": 4892,
    "testsRegistered": 1,
    "passPercent": 100,
    "pendingPercent": 0,
    "other": 0,
    "hasOther": false,
    "skipped": 0,
    "hasSkipped": false
  },
  "results": [
    {
      "uuid": "4bc65d58-c938-4eec-a741-fa98bb115504",
      "title": "",
      "fullFile": "cypress/integration/Popups&tooltips.spec.js",
      "file": "cypress/integration/Popups&tooltips.spec.js",
      "beforeHooks": [],
      "afterHooks": [],
      "tests": [
        {
          "title": "Dialog box",
          "fullTitle": "Dialog box",
          "timedOut": null,
          "duration": 4793,
          "state": "passed",
          "speed": "fast",
          "pass": true,
          "fail": false,
          "pending": false,
          "context": null,
          "code": "cy.visit('/');\ncy.contains('Tables & Data').click();\ncy.contains('Smart Table').click(); //1\ncy.get('tbody tr').first().find('.nb-trash').click();\ncy.on('window:confirm', confirm => {\n  expect(confirm).to.equal('Are you sure you want to delete?');\n}); //2\n// const stub = cy.stub()\n// cy.on('window:confirm', stub)\n// cy.get('tbody tr').first().find('.nb-trash').click().then(() => {\n//     expect((stub.getCall(0))).to.be.calledWith('Are you sure you want to delete?')\n// })\n//3\ncy.get('tbody tr').first().find('.nb-trash').click();\ncy.on('window:confirm', () => false);",
          "err": {},
          "uuid": "2042f174-4b8c-427d-99d7-3cae4c399688",
          "parentUUID": "4bc65d58-c938-4eec-a741-fa98bb115504",
          "isHook": false,
          "skipped": false
        }
      ],
      "suites": [],
      "passes": [
        "2042f174-4b8c-427d-99d7-3cae4c399688"
      ],
      "failures": [],
      "pending": [],
      "skipped": [],
      "duration": 4793,
      "root": true,
      "rootEmpty": false,
      "_timeout": 2000
    }
  ],
  "meta": {
    "mocha": {
      "version": "7.0.1"
    },
    "mochawesome": {
      "options": {
        "quiet": false,
        "reportFilename": "mochawesome",
        "saveHtml": true,
        "saveJson": true,
        "consoleReporter": "spec",
        "useInlineDiffs": false,
        "code": true
      },
      "version": "7.1.3"
    },
    "marge": {
      "options": {
        "id": "default",
        "reportDir": "cypress/reports/mocha",
        "quite": true,
        "overwrite": false,
        "html": true,
        "json": true
      },
      "version": "6.2.0"
    }
  }
}