{
  "stats": {
    "suites": 1,
    "tests": 2,
    "passes": 1,
    "pending": 0,
    "failures": 1,
    "start": "2022-06-16T09:38:37.774Z",
    "end": "2022-06-16T09:39:06.656Z",
    "duration": 28882,
    "testsRegistered": 2,
    "passPercent": 50,
    "pendingPercent": 0,
    "other": 0,
    "hasOther": false,
    "skipped": 0,
    "hasSkipped": false
  },
  "results": [
    {
      "uuid": "d7178c89-7f51-40bd-a5d4-f6c80f3e2ab6",
      "title": "",
      "fullFile": "cypress/integration/Practise.spec.js",
      "file": "cypress/integration/Practise.spec.js",
      "beforeHooks": [],
      "afterHooks": [],
      "tests": [],
      "suites": [
        {
          "uuid": "729dc21c-9544-4e3e-827b-ec5d465e95b2",
          "title": "Google test",
          "fullFile": "",
          "file": "",
          "beforeHooks": [],
          "afterHooks": [],
          "tests": [
            {
              "title": "Google-search",
              "fullTitle": "Google test Google-search",
              "timedOut": null,
              "duration": 14411,
              "state": "failed",
              "speed": null,
              "pass": false,
              "fail": true,
              "pending": false,
              "context": null,
              "code": "cy.googleSearch('salman khan');\ncy.get('input[title=\"Search\"]').type('TechieQA').type('{enter}').wait(2000);\ncy.contains('TechieQA');",
              "err": {
                "message": "AssertionError: Timed out retrying after 4000ms: Expected to find element: `input[title=\"Search\"]`, but never found it.",
                "estack": "AssertionError: Timed out retrying after 4000ms: Expected to find element: `input[title=\"Search\"]`, but never found it.\n    at Context.eval (https://www.google.com/__cypress/tests?p=cypress\\integration\\Practise.spec.js:381:8)",
                "diff": null
              },
              "uuid": "ba64e457-df4f-49e5-ad88-b3fc6e20ad77",
              "parentUUID": "729dc21c-9544-4e3e-827b-ec5d465e95b2",
              "isHook": false,
              "skipped": false
            },
            {
              "title": "Google-search",
              "fullTitle": "Google test Google-search",
              "timedOut": null,
              "duration": 12004,
              "state": "passed",
              "speed": "slow",
              "pass": true,
              "fail": false,
              "pending": false,
              "context": null,
              "code": "cy.get('input[title=\"Search\"]').type('moolya').type('{enter}').wait(2000);\ncy.contains('moolya');",
              "err": {},
              "uuid": "c749994e-7985-430e-a1aa-943cee2effdf",
              "parentUUID": "729dc21c-9544-4e3e-827b-ec5d465e95b2",
              "isHook": false,
              "skipped": false
            }
          ],
          "suites": [],
          "passes": [
            "c749994e-7985-430e-a1aa-943cee2effdf"
          ],
          "failures": [
            "ba64e457-df4f-49e5-ad88-b3fc6e20ad77"
          ],
          "pending": [],
          "skipped": [],
          "duration": 26415,
          "root": false,
          "rootEmpty": false,
          "_timeout": 2000
        }
      ],
      "passes": [],
      "failures": [],
      "pending": [],
      "skipped": [],
      "duration": 0,
      "root": true,
      "rootEmpty": true,
      "_timeout": 2000
    }
  ],
  "meta": {
    "mocha": {
      "version": "7.0.1"
    },
    "mochawesome": {
      "options": {
        "quiet": false,
        "reportFilename": "mochawesome",
        "saveHtml": true,
        "saveJson": true,
        "consoleReporter": "spec",
        "useInlineDiffs": false,
        "code": true
      },
      "version": "7.1.3"
    },
    "marge": {
      "options": {
        "id": "default",
        "reportDir": "cypress/reports/mocha",
        "quite": true,
        "overwrite": false,
        "html": true,
        "json": true
      },
      "version": "6.2.0"
    }
  }
}