{
  "stats": {
    "suites": 1,
    "tests": 1,
    "passes": 1,
    "pending": 0,
    "failures": 0,
    "start": "2022-06-16T09:43:30.611Z",
    "end": "2022-06-16T09:43:59.010Z",
    "duration": 28399,
    "testsRegistered": 1,
    "passPercent": 100,
    "pendingPercent": 0,
    "other": 0,
    "hasOther": false,
    "skipped": 0,
    "hasSkipped": false
  },
  "results": [
    {
      "uuid": "3cf9b486-046c-463f-a1fc-78728f3747d2",
      "title": "",
      "fullFile": "cypress/integration/testautomationpractise.spec.js",
      "file": "cypress/integration/testautomationpractise.spec.js",
      "beforeHooks": [],
      "afterHooks": [],
      "tests": [],
      "suites": [
        {
          "uuid": "3c38c153-ead9-4b49-ac39-008b80b24f36",
          "title": "verify volunteer sign up",
          "fullFile": "",
          "file": "",
          "beforeHooks": [],
          "afterHooks": [],
          "tests": [
            {
              "title": "web tables",
              "fullTitle": "verify volunteer sign up web tables",
              "timedOut": null,
              "duration": 19116,
              "state": "passed",
              "speed": "slow",
              "pass": true,
              "fail": false,
              "pending": false,
              "context": null,
              "code": "cy.get('tbody').parents('[name=\"BookTable\"]').find('tr th').then(cellValidation => {\n  cy.wrap(cellValidation).eq(0).should('contain.text', 'BookName');\n  cy.wrap(cellValidation).eq(1).should('contain.text', 'Author');\n  cy.wrap(cellValidation).eq(2).should('contain.text', 'Subject');\n  cy.wrap(cellValidation).eq(3).should('contain.text', 'Price');\n  cy.wrap(cellValidation).eq(1).should('have.css', 'font-family', 'arial, sans-serif');\n  cy.get(cellValidation).should($th => {\n    expect($th).to.have.length(4);\n    expect($th).to.have.text('BookNameAuthorSubjectPrice');\n    expect($th).to.have.css('color', 'rgb(0, 0, 0)');\n  });\n});\ncy.get('tbody').parents('[name=\"BookTable\"]').find('tr').contains('td', 'Learn Selenium').parents('tr').find('td').should($row1 => {\n  expect($row1).to.have.length(4);\n  expect($row1).to.have.text('Learn SeleniumAmitSelenium300');\n});\ncy.get('tbody').parents('[name=\"BookTable\"]').find('tr').contains('td', 'Learn Java').parents('tr').find('td').should($row1 => {\n  expect($row1).to.have.length(4);\n  expect($row1).to.have.text('Learn JavaMukeshJava500');\n});\ncy.get('tbody').parents('[name=\"BookTable\"]').find('tr').contains('td', 'Learn JS').parents('tr').find('td').should($row1 => {\n  expect($row1).to.have.length(4);\n  expect($row1).to.have.text('Learn JSAnimeshJavascript300');\n});\ncy.get('tbody').parents('[name=\"BookTable\"]').find('tr').contains('td', 'Master In Selenium').parents('tr').find('td').should($row1 => {\n  expect($row1).to.have.length(4);\n  expect($row1).to.have.text('Master In SeleniumMukeshSelenium3000');\n});\ncy.get('tbody').parents('[name=\"BookTable\"]').find('tr').contains('td', 'Master In Java').parents('tr').find('td').should($row1 => {\n  expect($row1).to.have.length(4);\n  expect($row1).to.have.text('Master In JavaAmodJAVA2000');\n});\ncy.get('tbody').parents('[name=\"BookTable\"]').find('tr').contains('td', 'Master In JS').parents('tr').find('td').should($row1 => {\n  expect($row1).to.have.length(4);\n  expect($row1).to.have.text('Master In JSAmitJavascript1000');\n});",
              "err": {},
              "uuid": "6c3386ea-f9f5-4aa1-994a-fc8b7af23b12",
              "parentUUID": "3c38c153-ead9-4b49-ac39-008b80b24f36",
              "isHook": false,
              "skipped": false
            }
          ],
          "suites": [],
          "passes": [
            "6c3386ea-f9f5-4aa1-994a-fc8b7af23b12"
          ],
          "failures": [],
          "pending": [],
          "skipped": [],
          "duration": 19116,
          "root": false,
          "rootEmpty": false,
          "_timeout": 2000
        }
      ],
      "passes": [],
      "failures": [],
      "pending": [],
      "skipped": [],
      "duration": 0,
      "root": true,
      "rootEmpty": true,
      "_timeout": 2000
    }
  ],
  "meta": {
    "mocha": {
      "version": "7.0.1"
    },
    "mochawesome": {
      "options": {
        "quiet": false,
        "reportFilename": "mochawesome",
        "saveHtml": true,
        "saveJson": true,
        "consoleReporter": "spec",
        "useInlineDiffs": false,
        "code": true
      },
      "version": "7.1.3"
    },
    "marge": {
      "options": {
        "id": "default",
        "reportDir": "cypress/reports/mocha",
        "quite": true,
        "overwrite": false,
        "html": true,
        "json": true
      },
      "version": "6.2.0"
    }
  }
}