{
  "stats": {
    "suites": 1,
    "tests": 1,
    "passes": 0,
    "pending": 0,
    "failures": 1,
    "start": "2022-06-16T09:37:57.454Z",
    "end": "2022-06-16T09:38:10.867Z",
    "duration": 13413,
    "testsRegistered": 1,
    "passPercent": 0,
    "pendingPercent": 0,
    "other": 0,
    "hasOther": false,
    "skipped": 0,
    "hasSkipped": false
  },
  "results": [
    {
      "uuid": "5a8b6cdd-ea8d-4c38-b8ce-7b4809f201af",
      "title": "",
      "fullFile": "cypress/integration/OrangHRM.spec.js",
      "file": "cypress/integration/OrangHRM.spec.js",
      "beforeHooks": [],
      "afterHooks": [],
      "tests": [],
      "suites": [
        {
          "uuid": "b19fbe80-92f6-4e43-af34-db78d415bcf3",
          "title": "verify login functionality",
          "fullFile": "",
          "file": "",
          "beforeHooks": [],
          "afterHooks": [],
          "tests": [
            {
              "title": "verify login page",
              "fullTitle": "verify login functionality verify login page",
              "timedOut": null,
              "duration": 9871,
              "state": "failed",
              "speed": null,
              "pass": false,
              "fail": true,
              "pending": false,
              "context": null,
              "code": "//checks Url\ncy.url().should('include', 'demo.orangehrmlive'); //checks orangeHRM title\ncy.title().should('eq', 'OrangeHRM');\ncy.get('#divLogin').find('#divLogo img').should('have.attr', 'src'); //checks loginpanel\ncy.get('#divLoginForm').find('#logInPanelHeading').should('contain.text', 'LOGIN Panel');\ncy.get('[clip-path=\"url(#i)\"]').find('image').should('have.attr', 'xlink:href'); //cehcks username field\ncy.get('input[name=\"txtUsername\"]').type('Admin').should('contain.text', 'Admin'); //checks password field\ncy.get('input[name=\"txtPassword\"]').type('admin123').should('contain.text', 'admin123'); //checks login button\ncy.get('[type=\"submit\"]').should('have.class', 'button').should('have.attr', 'type', 'submit'); //checks username and password text\ncy.contains('span', '( Username : Admin | Password : admin123 )'); //checks forgot link \ncy.get('#forgotPasswordLink').should('contain.text', 'Forgot your password?');\ncy.get('#forgotPasswordLink a').should('have.attr', 'href'); //checks footer\ncy.get('#footer').first().should('contain.text', 'OrangeHRM 4.10.1');\ncy.get('#footer').first().should('contain.text', '© 2005 - 2022 ');\ncy.get('#footer').first().should('contain.text', '. All rights reserved.'); //checks social media icon\ncy.get('#footer a').should('have.attr', 'href');\nconst linkedinPage = \"http://www.linkedin.com/groups?home=&gid=891077\";\ncy.get('#social-icons').find('a').eq(0).should('have.attr', 'href', linkedinPage);\ncy.get('#social-icons').find('img').eq(0).should('have.attr', 'src');\nconst facebookPage = \"http://www.facebook.com/OrangeHRM\";\ncy.get('#social-icons').find('a').eq(1).should('have.attr', 'href', facebookPage);\ncy.get('#social-icons').find('img').eq(1).should('have.attr', 'src');\nconst twitterPage = \"http://twitter.com/orangehrm\";\ncy.get('#social-icons').find('a').eq(2).should('have.attr', 'href', twitterPage);\ncy.get('#social-icons').find('img').eq(2).should('have.attr', 'src');\nconst youtubeChannel = \"http://www.youtube.com/orangehrm\";\ncy.get('#social-icons').find('a').eq(3).should('have.attr', 'href', youtubeChannel);\ncy.get('#social-icons').find('img').eq(3).should('have.attr', 'src'); //checks invalid username error message\ncy.get('input[name=\"txtUsername\"]').type('user');\ncy.get('input[name=\"txtPassword\"]').type('admin123');\ncy.get('[type=\"submit\"]').click();\ncy.get('#spanMessage').should('contain.text', 'Invalid credentials'); //checks invalid credentials error message\ncy.get('input[name=\"txtUsername\"]').type('Admin');\ncy.get('input[name=\"txtPassword\"]').type('test123');\ncy.get('[type=\"submit\"]').click();\ncy.get('#spanMessage').should('contain.text', 'Invalid credentials'); //checks invalid credentials error message\ncy.get('input[name=\"txtUsername\"]').type('user');\ncy.get('input[name=\"txtPassword\"]').type('admin13');\ncy.get('[type=\"submit\"]').click();\ncy.get('#spanMessage').should('contain.text', 'Invalid credentials'); //checks error message Username cannot be empty\ncy.get('[type=\"submit\"]').click();\ncy.get('#spanMessage').should('contain.text', 'Username cannot be empty'); //checks Password cannot be empty error message\ncy.get('input[name=\"txtUsername\"]').type('Admin');\ncy.get('[type=\"submit\"]').click();\ncy.get('#spanMessage').should('contain.text', 'Password cannot be empty');",
              "err": {
                "message": "AssertionError: Timed out retrying after 4000ms: expected '<input#txtUsername>' to contain text 'Admin', but the text was ''",
                "estack": "AssertionError: Timed out retrying after 4000ms: expected '<input#txtUsername>' to contain text 'Admin', but the text was ''\n    at Context.eval (https://opensource-demo.orangehrmlive.com/__cypress/tests?p=cypress\\integration\\OrangHRM.spec.js:114:55)",
                "diff": "+ 'Admin'\n"
              },
              "uuid": "bb9ea4f0-5c26-4a9e-9c4a-b945130504a2",
              "parentUUID": "b19fbe80-92f6-4e43-af34-db78d415bcf3",
              "isHook": false,
              "skipped": false
            }
          ],
          "suites": [],
          "passes": [],
          "failures": [
            "bb9ea4f0-5c26-4a9e-9c4a-b945130504a2"
          ],
          "pending": [],
          "skipped": [],
          "duration": 9871,
          "root": false,
          "rootEmpty": false,
          "_timeout": 2000
        }
      ],
      "passes": [],
      "failures": [],
      "pending": [],
      "skipped": [],
      "duration": 0,
      "root": true,
      "rootEmpty": true,
      "_timeout": 2000
    }
  ],
  "meta": {
    "mocha": {
      "version": "7.0.1"
    },
    "mochawesome": {
      "options": {
        "quiet": false,
        "reportFilename": "mochawesome",
        "saveHtml": true,
        "saveJson": true,
        "consoleReporter": "spec",
        "useInlineDiffs": false,
        "code": true
      },
      "version": "7.1.3"
    },
    "marge": {
      "options": {
        "id": "default",
        "reportDir": "cypress/reports/mocha",
        "quite": true,
        "overwrite": false,
        "html": true,
        "json": true
      },
      "version": "6.2.0"
    }
  }
}