{
  "stats": {
    "suites": 1,
    "tests": 13,
    "passes": 13,
    "pending": 0,
    "failures": 0,
    "start": "2022-05-31T12:52:00.964Z",
    "end": "2022-05-31T12:52:43.304Z",
    "duration": 42340,
    "testsRegistered": 13,
    "passPercent": 100,
    "pendingPercent": 0,
    "other": 0,
    "hasOther": false,
    "skipped": 0,
    "hasSkipped": false
  },
  "results": [
    {
      "uuid": "6e88d4b5-cfae-49bd-8a2e-d5f8933b3d66",
      "title": "",
      "fullFile": "cypress/integration/swagLabsLoginPage.spec.js",
      "file": "cypress/integration/swagLabsLoginPage.spec.js",
      "beforeHooks": [],
      "afterHooks": [],
      "tests": [],
      "suites": [
        {
          "uuid": "f852f4b9-d200-4193-8074-b1d9c6898436",
          "title": "Verify login page",
          "fullFile": "",
          "file": "",
          "beforeHooks": [],
          "afterHooks": [],
          "tests": [
            {
              "title": "check login page",
              "fullTitle": "Verify login page check login page",
              "timedOut": null,
              "duration": 1238,
              "state": "passed",
              "speed": "fast",
              "pass": true,
              "fail": false,
              "pending": false,
              "context": null,
              "code": "//checks whether url includes \"saucedemo\" and title Swaglabs\ncy.url().should('include', 'saucedemo');\ncy.title().should('eq', 'Swag Labs'); //checks login logo \ncy.get('.login_logo').should('have.css', 'text-align', 'center'); //checks placeholder values of username, password, and value Login for login button.\ncy.get('#user-name').should('have.attr', 'placeholder', 'Username').and('have.css', 'color', 'rgb(72, 76, 85)');\ncy.get('#password').should('have.attr', 'placeholder', 'Password').and('have.css', 'color', 'rgb(72, 76, 85)');\ncy.get('#login-button').should('have.attr', 'value', 'Login'); //checks for username text  on the page\ncy.get('#login_credentials').find('h4').should('contain.text', 'Accepted usernames are:'); //checks for password text  on the page\ncy.get('.login_password').find('h4').should('contain.text', 'Password for all users');",
              "err": {},
              "uuid": "3672f302-b4d2-4c57-a612-1a7f2c9d876c",
              "parentUUID": "f852f4b9-d200-4193-8074-b1d9c6898436",
              "isHook": false,
              "skipped": false
            },
            {
              "title": "try to login with valid username and valid password",
              "fullTitle": "Verify login page try to login with valid username and valid password",
              "timedOut": null,
              "duration": 2510,
              "state": "passed",
              "speed": "fast",
              "pass": true,
              "fail": false,
              "pending": false,
              "context": null,
              "code": "cy.login('standard_user', 'secret_sauce'); //sould navigate to inventory page\ncy.url().should('include', 'inventory.html');\ncy.get('#react-burger-menu-btn').should('contain.text', 'Open Menu');\ncy.logout();\ncy.get('.login_logo').should('have.class', 'login_logo');",
              "err": {},
              "uuid": "4e2380f8-8684-4b11-87c8-a57e1a3c3ea5",
              "parentUUID": "f852f4b9-d200-4193-8074-b1d9c6898436",
              "isHook": false,
              "skipped": false
            },
            {
              "title": "try to login with invalid username and valid password",
              "fullTitle": "Verify login page try to login with invalid username and valid password",
              "timedOut": null,
              "duration": 2031,
              "state": "passed",
              "speed": "fast",
              "pass": true,
              "fail": false,
              "pending": false,
              "context": null,
              "code": "cy.login('fake_user', 'secret_sauce'); //username and password field should contain the entered username and password and turn red as error message\ncy.get('#user-name').should('have.attr', 'value', 'fake_user');\ncy.get('#user-name').should('have.css', 'border-bottom-color', 'rgb(226, 35, 26)');\ncy.get('#password').should('have.attr', 'value', 'secret_sauce');\ncy.get('#password').should('have.css', 'border-bottom-color', 'rgb(226, 35, 26)'); //error message icon beside username and password\ncy.get('.form_group svg').first().should('have.attr', 'focusable', 'false');\ncy.get('.form_group svg').eq(1).should('have.attr', 'focusable', 'false');\ncy.get('form').find('div').eq(2).as('errorMessage'); //aliasing error messgage box element \ncy.get('@errorMessage').should('contain.text', 'Epic sadface: Username and password do not match any user in this service');\ncy.get('@errorMessage').should('have.css', 'background-color', 'rgb(226, 35, 26)');\ncy.get('@errorMessage').find('button').click(); //error icon in error message field should be clickable.\ncy.get('@errorMessage').should('contain.text', ''); //error message element should be empty after closing.",
              "err": {},
              "uuid": "05a128a2-3b14-4126-be06-5e32922e85ff",
              "parentUUID": "f852f4b9-d200-4193-8074-b1d9c6898436",
              "isHook": false,
              "skipped": false
            },
            {
              "title": "try to login with valid username and invalid password",
              "fullTitle": "Verify login page try to login with valid username and invalid password",
              "timedOut": null,
              "duration": 1654,
              "state": "passed",
              "speed": "fast",
              "pass": true,
              "fail": false,
              "pending": false,
              "context": null,
              "code": "cy.login('standard_user', 'wrong_sauce');\ncy.get('form').find('div').eq(2).as('errorMessage');\ncy.get('@errorMessage').should('contain.text', 'Epic sadface: Username and password do not match any user in this service');\ncy.get('@errorMessage').should('have.css', 'font-family', 'Roboto, Arial, Helvetica, sans-serif');\ncy.get('@errorMessage').find('button').click();\ncy.get('@errorMessage').should('contain.text', ''); //placeholder value turns black after closing error icon\ncy.get('#user-name').should('have.attr', 'placeholder', 'Username').and('have.css', 'color', 'rgb(72, 76, 85)');\ncy.get('#password').should('have.attr', 'placeholder', 'Password').and('have.css', 'color', 'rgb(72, 76, 85)');",
              "err": {},
              "uuid": "71a74e7e-98f1-45e1-9666-8b1daab6475a",
              "parentUUID": "f852f4b9-d200-4193-8074-b1d9c6898436",
              "isHook": false,
              "skipped": false
            },
            {
              "title": "try to login with invalid username and invalid password",
              "fullTitle": "Verify login page try to login with invalid username and invalid password",
              "timedOut": null,
              "duration": 1622,
              "state": "passed",
              "speed": "fast",
              "pass": true,
              "fail": false,
              "pending": false,
              "context": null,
              "code": "cy.login('fake_user', 'wrong_sauce');\ncy.get('form').find('div').eq(2).as('errorMessage');\ncy.get('@errorMessage').should('contain.text', 'Epic sadface: Username and password do not match any user in this service');\ncy.get('@errorMessage').should('have.css', 'font-size', '14px');",
              "err": {},
              "uuid": "db8e6537-6dd8-4f74-8da2-80b5ee9275c1",
              "parentUUID": "f852f4b9-d200-4193-8074-b1d9c6898436",
              "isHook": false,
              "skipped": false
            },
            {
              "title": "try to login with blank username and valid password",
              "fullTitle": "Verify login page try to login with blank username and valid password",
              "timedOut": null,
              "duration": 804,
              "state": "passed",
              "speed": "fast",
              "pass": true,
              "fail": false,
              "pending": false,
              "context": null,
              "code": "cy.emptyUsername('secret_sauce');\ncy.get('#user-name').should('have.attr', 'value', '');\ncy.get('form').find('div').eq(2).as('errorMessage');\ncy.get('@errorMessage').should('contain.text', 'Epic sadface: Username is required');",
              "err": {},
              "uuid": "83f769d0-4c88-44f4-bea4-2196fcd674b3",
              "parentUUID": "f852f4b9-d200-4193-8074-b1d9c6898436",
              "isHook": false,
              "skipped": false
            },
            {
              "title": "try to login with valid username and blank password",
              "fullTitle": "Verify login page try to login with valid username and blank password",
              "timedOut": null,
              "duration": 1011,
              "state": "passed",
              "speed": "fast",
              "pass": true,
              "fail": false,
              "pending": false,
              "context": null,
              "code": "cy.emptyPassword('standard_user');\ncy.get('#password').should('have.attr', 'value', '');\ncy.get('form').find('div').eq(2).as('errorMessage');\ncy.get('@errorMessage').should('contain.text', 'Epic sadface: Password is required');",
              "err": {},
              "uuid": "4f7c3fef-01c3-456d-b5cd-9ac7f8665293",
              "parentUUID": "f852f4b9-d200-4193-8074-b1d9c6898436",
              "isHook": false,
              "skipped": false
            },
            {
              "title": "try to login with blank username and blank password",
              "fullTitle": "Verify login page try to login with blank username and blank password",
              "timedOut": null,
              "duration": 449,
              "state": "passed",
              "speed": "fast",
              "pass": true,
              "fail": false,
              "pending": false,
              "context": null,
              "code": "cy.get('#login-button').click();\ncy.get('#user-name').should('have.attr', 'value', '');\ncy.get('#password').should('have.attr', 'value', '');\ncy.get('form').find('div').eq(2).as('errorMessage');\ncy.get('@errorMessage').should('contain.text', 'Epic sadface: Username is required');",
              "err": {},
              "uuid": "17c4ed57-a742-4d7b-bad3-35000f494214",
              "parentUUID": "f852f4b9-d200-4193-8074-b1d9c6898436",
              "isHook": false,
              "skipped": false
            },
            {
              "title": "check social links",
              "fullTitle": "Verify login page check social links",
              "timedOut": null,
              "duration": 13201,
              "state": "passed",
              "speed": "slow",
              "pass": true,
              "fail": false,
              "pending": false,
              "context": null,
              "code": "cy.login('standard_user', 'secret_sauce'); //validates twitter social link\ncy.get('.social_twitter a').as('twitter');\ncy.get('@twitter').should('have.attr', 'href', 'https://twitter.com/saucelabs').and('contain.text', 'Twitter');\ncy.get('@twitter').invoke('removeAttr', 'target').click();\ncy.go('back'); //validates facebook social link\ncy.get('.social_facebook a').as('facebook');\ncy.get('@facebook').should('have.attr', 'href', 'https://www.facebook.com/saucelabs').and('contain.text', 'Facebook');\ncy.get('@facebook').invoke('removeAttr', 'target').click();\ncy.go('back'); //validates linkedin social link\ncy.get('.social_linkedin a').as('linkedin');\ncy.get('@linkedin').should('have.attr', 'href', 'https://www.linkedin.com/company/sauce-labs/').and('contain.text', 'LinkedIn');\ncy.get('@linkedin').invoke('removeAttr', 'target').click();\ncy.go('back');",
              "err": {},
              "uuid": "167c689c-55ae-41a5-aa78-cb8d74a1ae24",
              "parentUUID": "f852f4b9-d200-4193-8074-b1d9c6898436",
              "isHook": false,
              "skipped": false
            },
            {
              "title": "validate static dropdown",
              "fullTitle": "Verify login page validate static dropdown",
              "timedOut": null,
              "duration": 2942,
              "state": "passed",
              "speed": "fast",
              "pass": true,
              "fail": false,
              "pending": false,
              "context": null,
              "code": "cy.login('standard_user', 'secret_sauce'); //Name (A to Z) option should have value 'az' for a to z order\ncy.get('.product_sort_container').select('Name (A to Z)');\ncy.get('.product_sort_container').should('have.value', 'az');\ncy.get('.active_option').should('have.text', 'Name (A to Z)'); //Name (A to Z) option should have value 'za' for z to a order\ncy.get('.product_sort_container').select('Name (Z to A)');\ncy.get('.product_sort_container').should('have.value', 'za');\ncy.get('.active_option').should('have.text', 'Name (Z to A)'); //Price (high to low) option should have 'hilo' for decending order\ncy.get('.product_sort_container').select('Price (high to low)');\ncy.get('.product_sort_container').should('have.value', 'hilo');\ncy.get('.active_option').should('have.text', 'Price (high to low)');\ncy.get('.pricebar .inventory_item_price').eq(0).should('contain.text', '49.99');\ncy.get('.pricebar .inventory_item_price').eq(5).should('contain.text', '7.99'); //Price (low to high) option should have 'lohi' for decending order\ncy.get('.product_sort_container').select('Price (low to high)');\ncy.get('.active_option').should('have.text', 'Price (low to high)');\ncy.get('.pricebar .inventory_item_price').eq(0).should('contain.text', '7.99');\ncy.get('.pricebar .inventory_item_price').eq(5).should('contain.text', '49.99');",
              "err": {},
              "uuid": "0c36fef5-426b-4f81-a0e7-698d63b837d9",
              "parentUUID": "f852f4b9-d200-4193-8074-b1d9c6898436",
              "isHook": false,
              "skipped": false
            },
            {
              "title": "ordering multiple products",
              "fullTitle": "Verify login page ordering multiple products",
              "timedOut": null,
              "duration": 4370,
              "state": "passed",
              "speed": "fast",
              "pass": true,
              "fail": false,
              "pending": false,
              "context": null,
              "code": "cy.login('standard_user', 'secret_sauce'); //clicks on Add to cart button\ncy.get('.pricebar').contains('#add-to-cart-sauce-labs-backpack', 'Add to cart').click();\ncy.get('.pricebar').contains('#add-to-cart-sauce-labs-bike-light', 'Add to cart').click();\ncy.get('.pricebar').contains('#add-to-cart-sauce-labs-bolt-t-shirt', 'Add to cart').click();\ncy.get('.pricebar').contains('#add-to-cart-sauce-labs-fleece-jacket', 'Add to cart').click(); //After clicking on Add to cart the item should be present in the cart icon element\ncy.get('.shopping_cart_badge').should('contain.text', 4).click(); //Navigates to cart page where the products added to cart are present\ncy.url().should('include', 'cart.html');\ncy.get('.cart_item_label').find('.inventory_item_name').eq(0).should('have.class', 'inventory_item_name').and('contain.text', 'Sauce Labs Backpack');\ncy.get('.cart_item_label').find('.inventory_item_name').eq(1).should('contain.text', 'Sauce Labs Bike Light');\ncy.get('.cart_item_label').find('.inventory_item_name').eq(2).should('contain.text', 'Sauce Labs Bolt T-Shirt');\ncy.get('.cart_item_label').find('.inventory_item_name').eq(3).should('contain.text', 'Sauce Labs Fleece Jacket'); //clicks on the checkout button to further the order placement process\ncy.get('.cart_footer').find('#checkout').click(); //types the firstName, lastName and postalCode \ncy.get('[placeholder=\"First Name\"]').type('firstName');\ncy.get('[placeholder=\"Last Name\"]').type('lastName');\ncy.get('[placeholder=\"Zip/Postal Code\"]').type('5000064'); //clicks on continue button\ncy.get('.checkout_buttons input').click(); //navigates to \"checkout-step-two.html\" page for the payment information\ncy.get('.header_secondary_container').should('contain.text', 'Checkout: Overview');\ncy.get('.summary_info .summary_info_label').should('contain.text', 'Payment Information:'); //clicks on the finish button and navigates to \"checkout-complete.html\" page\ncy.get('.cart_footer #finish').click();\ncy.url().should('include', 'checkout-complete.html');\ncy.get('.header_secondary_container').should('contain.text', 'Checkout: Complete!'); //As the order is placed cart icon element should not contain the product\ncy.get('.shopping_cart_link').should('not.have.class', 'shopping_cart_badge');",
              "err": {},
              "uuid": "f24d4cce-fbb6-4201-acf0-8d8ef370be5d",
              "parentUUID": "f852f4b9-d200-4193-8074-b1d9c6898436",
              "isHook": false,
              "skipped": false
            },
            {
              "title": "order highest price product",
              "fullTitle": "Verify login page order highest price product",
              "timedOut": null,
              "duration": 3237,
              "state": "passed",
              "speed": "fast",
              "pass": true,
              "fail": false,
              "pending": false,
              "context": null,
              "code": "cy.login('standard_user', 'secret_sauce'); //selects the price (high to low) in the drop down menu\ncy.get('.product_sort_container').select('Price (high to low)'); //clicks on the Add to cart button\ncy.get('.pricebar').contains('#add-to-cart-sauce-labs-fleece-jacket', 'Add to cart').click(); //After clicking on Add to cart the item should be present in the cart icon element\ncy.get('.shopping_cart_link span').click(); //Navigates to cart page where the products added to cart are present\ncy.url().should('include', 'cart.html');\ncy.get('.cart_item_label').find('.inventory_item_name').should('have.class', 'inventory_item_name').and('contain.text', 'Sauce Labs Fleece Jacket'); //clicks on the checkout button to further the order placement process\ncy.get('.inventory_item_price').invoke('text').as('totalPrice');\ncy.get('.cart_footer').find('#checkout').click(); //types the firstName, lastName and postalCode \ncy.get('[placeholder=\"First Name\"]').type('firstName');\ncy.get('[placeholder=\"Last Name\"]').type('lastName');\ncy.get('[placeholder=\"Zip/Postal Code\"]').type('5000064'); //clicks on continue button\ncy.get('.checkout_buttons input').click(); //navigates to \"checkout-step-two.html\" page for the payment information\ncy.url().should('include', 'checkout-step-two.html');\ncy.get('.header_secondary_container').should('contain.text', 'Checkout: Overview');\ncy.get('.summary_info .summary_info_label').should('contain.text', 'Payment Information:'); //clicks on the finish button and navigates to \"checkout-complete.html\" page\ncy.get('.cart_footer #finish').click();\ncy.url().should('include', 'checkout-complete.html');\ncy.get('.header_secondary_container').should('contain.text', 'Checkout: Complete!'); //As the order is placed cart icon element should not contain the product\ncy.get('.shopping_cart_link').should('not.have.class', 'shopping_cart_badge');",
              "err": {},
              "uuid": "82f48929-4b46-4eed-a750-93a17e2cf941",
              "parentUUID": "f852f4b9-d200-4193-8074-b1d9c6898436",
              "isHook": false,
              "skipped": false
            },
            {
              "title": "order highest price product",
              "fullTitle": "Verify login page order highest price product",
              "timedOut": null,
              "duration": 3243,
              "state": "passed",
              "speed": "fast",
              "pass": true,
              "fail": false,
              "pending": false,
              "context": null,
              "code": "cy.login('standard_user', 'secret_sauce'); //selects the price (low to high) in the drop down menu\ncy.get('.product_sort_container').select('Price (low to high)'); //clicks on the Add to cart button\ncy.get('.pricebar').contains('#add-to-cart-sauce-labs-onesie', 'Add to cart').click(); //After clicking on Add to cart the item should be present in the cart icon element\ncy.get('.shopping_cart_link span').should('have.class', 'shopping_cart_badge').click(); //Navigates to cart page where the products added to cart are present\ncy.url().should('include', 'cart.html');\ncy.get('.cart_item_label').find('.inventory_item_name').should('have.class', 'inventory_item_name').and('contain.text', 'Sauce Labs Onesie'); //clicks on the checkout button to further the order placement process\ncy.get('.cart_footer').find('#checkout').click(); //types the firstName, lastName and postalCode \ncy.get('[placeholder=\"First Name\"]').type('firstName');\ncy.get('[placeholder=\"Last Name\"]').type('lastName');\ncy.get('[placeholder=\"Zip/Postal Code\"]').type('5000064'); //clicks on continue button\ncy.get('.checkout_buttons input').click(); //navigates to \"checkout-step-two.html\" page for the payment information\ncy.url().should('include', 'checkout-step-two.html');\ncy.get('.header_secondary_container').should('contain.text', 'Checkout: Overview');\ncy.get('.summary_info .summary_info_label').should('contain.text', 'Payment Information:'); //clicks on the finish button and navigates to \"checkout-complete.html\" page\ncy.get('.cart_footer #finish').click();\ncy.url().should('include', 'checkout-complete.html');\ncy.get('.header_secondary_container').should('contain.text', 'Checkout: Complete!'); //As the order is placed cart icon element should not contain the product\ncy.get('.shopping_cart_link').should('not.have.class', 'shopping_cart_badge');",
              "err": {},
              "uuid": "f9f3a66c-5cba-45b0-b287-8971611a43d3",
              "parentUUID": "f852f4b9-d200-4193-8074-b1d9c6898436",
              "isHook": false,
              "skipped": false
            }
          ],
          "suites": [],
          "passes": [
            "3672f302-b4d2-4c57-a612-1a7f2c9d876c",
            "4e2380f8-8684-4b11-87c8-a57e1a3c3ea5",
            "05a128a2-3b14-4126-be06-5e32922e85ff",
            "71a74e7e-98f1-45e1-9666-8b1daab6475a",
            "db8e6537-6dd8-4f74-8da2-80b5ee9275c1",
            "83f769d0-4c88-44f4-bea4-2196fcd674b3",
            "4f7c3fef-01c3-456d-b5cd-9ac7f8665293",
            "17c4ed57-a742-4d7b-bad3-35000f494214",
            "167c689c-55ae-41a5-aa78-cb8d74a1ae24",
            "0c36fef5-426b-4f81-a0e7-698d63b837d9",
            "f24d4cce-fbb6-4201-acf0-8d8ef370be5d",
            "82f48929-4b46-4eed-a750-93a17e2cf941",
            "f9f3a66c-5cba-45b0-b287-8971611a43d3"
          ],
          "failures": [],
          "pending": [],
          "skipped": [],
          "duration": 38312,
          "root": false,
          "rootEmpty": false,
          "_timeout": 2000
        }
      ],
      "passes": [],
      "failures": [],
      "pending": [],
      "skipped": [],
      "duration": 0,
      "root": true,
      "rootEmpty": true,
      "_timeout": 2000
    }
  ],
  "meta": {
    "mocha": {
      "version": "7.0.1"
    },
    "mochawesome": {
      "options": {
        "quiet": false,
        "reportFilename": "mochawesome",
        "saveHtml": true,
        "saveJson": true,
        "consoleReporter": "spec",
        "useInlineDiffs": false,
        "code": true
      },
      "version": "7.1.3"
    },
    "marge": {
      "options": {
        "id": "default",
        "reportDir": "cypress/reports/mocha",
        "quite": true,
        "overwrite": false,
        "html": true,
        "json": true
      },
      "version": "6.2.0"
    }
  }
}