{
  "stats": {
    "suites": 1,
    "tests": 1,
    "passes": 0,
    "pending": 0,
    "failures": 1,
    "start": "2022-06-16T09:40:15.784Z",
    "end": "2022-06-16T09:40:22.859Z",
    "duration": 7075,
    "testsRegistered": 1,
    "passPercent": 0,
    "pendingPercent": 0,
    "other": 0,
    "hasOther": false,
    "skipped": 0,
    "hasSkipped": false
  },
  "results": [
    {
      "uuid": "ba113f20-a65a-4ddc-87d0-2d80de118bb7",
      "title": "",
      "fullFile": "cypress/integration/firsttest.spec.js",
      "file": "cypress/integration/firsttest.spec.js",
      "beforeHooks": [],
      "afterHooks": [],
      "tests": [],
      "suites": [
        {
          "uuid": "fda23f58-60fe-4219-a34e-0d1f1414d785",
          "title": "my first test suite",
          "fullFile": "",
          "file": "",
          "beforeHooks": [],
          "afterHooks": [],
          "tests": [
            {
              "title": "lists and dropdowns",
              "fullTitle": "my first test suite lists and dropdowns",
              "timedOut": null,
              "duration": 6962,
              "state": "failed",
              "speed": null,
              "pass": false,
              "fail": true,
              "pending": false,
              "context": null,
              "code": "cy.visit('/');\ncy.get('nav nb-select').click();\ncy.get('.options-list').contains('Dark').click();\ncy.get('nav nb-select').should('contain', 'Dark');\ncy.get('nb-layout-header nav').should('have.css', 'background-color', 'rgb(34, 43, 69)');\ncy.get('nav nb-select').then(dropdown => {\n  cy.wrap(dropdown).click();\n  cy.get('.options-list nb-option').each((listItem, index) => {\n    const itemText = listItem.text().trim();\n    const colors = {\n      \"Light\": \"rgb(255, 255, 255)\",\n      \"Dark\": \"rgb(34, 43, 69)\",\n      \"Cosmic\": \"rgb(50, 50, 89)\",\n      \"Corporate\": \"rgb(255, 255, 255)\"\n    };\n    cy.wrap(listItem).click();\n    cy.wrap(dropdown).should('contain', itemText);\n    cy.get('nd-layout-header nav').should('have.css', 'background-color', colors[itemText]);\n    if (index < 3) {\n      cy.wrap(dropdown).click();\n    }\n  });\n});",
              "err": {
                "message": "AssertionError: Timed out retrying after 4000ms: Expected to find element: `nd-layout-header nav`, but never found it.",
                "estack": "AssertionError: Timed out retrying after 4000ms: Expected to find element: `nd-layout-header nav`, but never found it.\n    at Context.eval (http://localhost:4200/__cypress/tests?p=cypress\\integration\\firsttest.spec.js:201:40)",
                "diff": null
              },
              "uuid": "e53bbe92-e3a7-424d-9bd6-f3a35691089c",
              "parentUUID": "fda23f58-60fe-4219-a34e-0d1f1414d785",
              "isHook": false,
              "skipped": false
            }
          ],
          "suites": [],
          "passes": [],
          "failures": [
            "e53bbe92-e3a7-424d-9bd6-f3a35691089c"
          ],
          "pending": [],
          "skipped": [],
          "duration": 6962,
          "root": false,
          "rootEmpty": false,
          "_timeout": 2000
        }
      ],
      "passes": [],
      "failures": [],
      "pending": [],
      "skipped": [],
      "duration": 0,
      "root": true,
      "rootEmpty": true,
      "_timeout": 2000
    }
  ],
  "meta": {
    "mocha": {
      "version": "7.0.1"
    },
    "mochawesome": {
      "options": {
        "quiet": false,
        "reportFilename": "mochawesome",
        "saveHtml": true,
        "saveJson": true,
        "consoleReporter": "spec",
        "useInlineDiffs": false,
        "code": true
      },
      "version": "7.1.3"
    },
    "marge": {
      "options": {
        "id": "default",
        "reportDir": "cypress/reports/mocha",
        "quite": true,
        "overwrite": false,
        "html": true,
        "json": true
      },
      "version": "6.2.0"
    }
  }
}