{
  "stats": {
    "suites": 1,
    "tests": 13,
    "passes": 13,
    "pending": 0,
    "failures": 0,
    "start": "2022-05-31T12:42:37.039Z",
    "end": "2022-05-31T12:43:20.387Z",
    "duration": 43348,
    "testsRegistered": 13,
    "passPercent": 100,
    "pendingPercent": 0,
    "other": 0,
    "hasOther": false,
    "skipped": 0,
    "hasSkipped": false
  },
  "results": [
    {
      "uuid": "64014bd2-53c9-465d-ac72-fb217b69c7ff",
      "title": "",
      "fullFile": "cypress/integration/swagLabsLoginPage.spec.js",
      "file": "cypress/integration/swagLabsLoginPage.spec.js",
      "beforeHooks": [],
      "afterHooks": [],
      "tests": [],
      "suites": [
        {
          "uuid": "67d7c49e-b062-4e63-963a-843b4bea4d05",
          "title": "Verify login page",
          "fullFile": "",
          "file": "",
          "beforeHooks": [],
          "afterHooks": [],
          "tests": [
            {
              "title": "check login page",
              "fullTitle": "Verify login page check login page",
              "timedOut": null,
              "duration": 2514,
              "state": "passed",
              "speed": "fast",
              "pass": true,
              "fail": false,
              "pending": false,
              "context": null,
              "code": "//checks whether url includes \"saucedemo\" and title Swaglabs\ncy.url().should('include', 'saucedemo');\ncy.title().should('eq', 'Swag Labs'); //checks login logo \ncy.get('.login_logo').should('have.css', 'text-align', 'center'); //checks placeholder values of username, password, and value Login for login button.\ncy.get('#user-name').should('have.attr', 'placeholder', 'Username').and('have.css', 'color', 'rgb(72, 76, 85)');\ncy.get('#password').should('have.attr', 'placeholder', 'Password').and('have.css', 'color', 'rgb(72, 76, 85)');\ncy.get('#login-button').should('have.attr', 'value', 'Login'); //checks for username text  on the page\ncy.get('#login_credentials').find('h4').should('contain.text', 'Accepted usernames are:'); //checks for password text  on the page\ncy.get('.login_password').find('h4').should('contain.text', 'Password for all users');",
              "err": {},
              "uuid": "bc0ffb64-1235-44a1-a7f8-e14f10152ca9",
              "parentUUID": "67d7c49e-b062-4e63-963a-843b4bea4d05",
              "isHook": false,
              "skipped": false
            },
            {
              "title": "try to login with valid username and valid password",
              "fullTitle": "Verify login page try to login with valid username and valid password",
              "timedOut": null,
              "duration": 2567,
              "state": "passed",
              "speed": "fast",
              "pass": true,
              "fail": false,
              "pending": false,
              "context": null,
              "code": "cy.login('standard_user', 'secret_sauce'); //sould navigate to inventory page\ncy.url().should('include', 'inventory.html');\ncy.get('#react-burger-menu-btn').should('contain.text', 'Open Menu');\ncy.logout();\ncy.get('.login_logo').should('have.class', 'login_logo');",
              "err": {},
              "uuid": "51645928-c76b-4e56-8cde-fc4f519ae02a",
              "parentUUID": "67d7c49e-b062-4e63-963a-843b4bea4d05",
              "isHook": false,
              "skipped": false
            },
            {
              "title": "try to login with invalid username and valid password",
              "fullTitle": "Verify login page try to login with invalid username and valid password",
              "timedOut": null,
              "duration": 2052,
              "state": "passed",
              "speed": "fast",
              "pass": true,
              "fail": false,
              "pending": false,
              "context": null,
              "code": "cy.login('fake_user', 'secret_sauce'); //username and password field should contain the entered username and password and turn red as error message\ncy.get('#user-name').should('have.attr', 'value', 'fake_user');\ncy.get('#user-name').should('have.css', 'border-bottom-color', 'rgb(226, 35, 26)');\ncy.get('#password').should('have.attr', 'value', 'secret_sauce');\ncy.get('#password').should('have.css', 'border-bottom-color', 'rgb(226, 35, 26)'); //error message icon beside username and password\ncy.get('.form_group svg').first().should('have.attr', 'focusable', 'false');\ncy.get('.form_group svg').eq(1).should('have.attr', 'focusable', 'false');\ncy.get('form').find('div').eq(2).as('errorMessage'); //aliasing error messgage box element \ncy.get('@errorMessage').should('contain.text', 'Epic sadface: Username and password do not match any user in this service');\ncy.get('@errorMessage').should('have.css', 'background-color', 'rgb(226, 35, 26)');\ncy.get('@errorMessage').find('button').click(); //error icon in error message field should be clickable.\ncy.get('@errorMessage').should('contain.text', ''); //error message element should be empty after closing.",
              "err": {},
              "uuid": "997b4e57-5788-4bc4-8b3f-10f5c1c3caa4",
              "parentUUID": "67d7c49e-b062-4e63-963a-843b4bea4d05",
              "isHook": false,
              "skipped": false
            },
            {
              "title": "try to login with valid username and invalid password",
              "fullTitle": "Verify login page try to login with valid username and invalid password",
              "timedOut": null,
              "duration": 1705,
              "state": "passed",
              "speed": "fast",
              "pass": true,
              "fail": false,
              "pending": false,
              "context": null,
              "code": "cy.login('standard_user', 'wrong_sauce');\ncy.get('form').find('div').eq(2).as('errorMessage');\ncy.get('@errorMessage').should('contain.text', 'Epic sadface: Username and password do not match any user in this service');\ncy.get('@errorMessage').should('have.css', 'font-family', 'Roboto, Arial, Helvetica, sans-serif');\ncy.get('@errorMessage').find('button').click();\ncy.get('@errorMessage').should('contain.text', ''); //placeholder value turns black after closing error icon\ncy.get('#user-name').should('have.attr', 'placeholder', 'Username').and('have.css', 'color', 'rgb(72, 76, 85)');\ncy.get('#password').should('have.attr', 'placeholder', 'Password').and('have.css', 'color', 'rgb(72, 76, 85)');",
              "err": {},
              "uuid": "812bb901-4c14-48ed-8196-db45130a72f5",
              "parentUUID": "67d7c49e-b062-4e63-963a-843b4bea4d05",
              "isHook": false,
              "skipped": false
            },
            {
              "title": "try to login with invalid username and invalid password",
              "fullTitle": "Verify login page try to login with invalid username and invalid password",
              "timedOut": null,
              "duration": 1417,
              "state": "passed",
              "speed": "fast",
              "pass": true,
              "fail": false,
              "pending": false,
              "context": null,
              "code": "cy.login('fake_user', 'wrong_sauce');\ncy.get('form').find('div').eq(2).as('errorMessage');\ncy.get('@errorMessage').should('contain.text', 'Epic sadface: Username and password do not match any user in this service');\ncy.get('@errorMessage').should('have.css', 'font-size', '14px');",
              "err": {},
              "uuid": "91e98759-6e57-4eee-ae14-19102fc8b592",
              "parentUUID": "67d7c49e-b062-4e63-963a-843b4bea4d05",
              "isHook": false,
              "skipped": false
            },
            {
              "title": "try to login with blank username and valid password",
              "fullTitle": "Verify login page try to login with blank username and valid password",
              "timedOut": null,
              "duration": 884,
              "state": "passed",
              "speed": "fast",
              "pass": true,
              "fail": false,
              "pending": false,
              "context": null,
              "code": "cy.emptyUsername('secret_sauce');\ncy.get('#user-name').should('have.attr', 'value', '');\ncy.get('form').find('div').eq(2).as('errorMessage');\ncy.get('@errorMessage').should('contain.text', 'Epic sadface: Username is required');",
              "err": {},
              "uuid": "f950b358-4793-45b7-b64d-9aceeea07b39",
              "parentUUID": "67d7c49e-b062-4e63-963a-843b4bea4d05",
              "isHook": false,
              "skipped": false
            },
            {
              "title": "try to login with valid username and blank password",
              "fullTitle": "Verify login page try to login with valid username and blank password",
              "timedOut": null,
              "duration": 991,
              "state": "passed",
              "speed": "fast",
              "pass": true,
              "fail": false,
              "pending": false,
              "context": null,
              "code": "cy.emptyPassword('standard_user');\ncy.get('#password').should('have.attr', 'value', '');\ncy.get('form').find('div').eq(2).as('errorMessage');\ncy.get('@errorMessage').should('contain.text', 'Epic sadface: Password is required');",
              "err": {},
              "uuid": "9ff19aab-0b70-433e-8f44-c44d3e3369c2",
              "parentUUID": "67d7c49e-b062-4e63-963a-843b4bea4d05",
              "isHook": false,
              "skipped": false
            },
            {
              "title": "try to login with blank username and blank password",
              "fullTitle": "Verify login page try to login with blank username and blank password",
              "timedOut": null,
              "duration": 503,
              "state": "passed",
              "speed": "fast",
              "pass": true,
              "fail": false,
              "pending": false,
              "context": null,
              "code": "cy.get('#login-button').click();\ncy.get('#user-name').should('have.attr', 'value', '');\ncy.get('#password').should('have.attr', 'value', '');\ncy.get('form').find('div').eq(2).as('errorMessage');\ncy.get('@errorMessage').should('contain.text', 'Epic sadface: Username is required');",
              "err": {},
              "uuid": "2c69e4cc-981f-4ff0-9822-fea7f6e73adc",
              "parentUUID": "67d7c49e-b062-4e63-963a-843b4bea4d05",
              "isHook": false,
              "skipped": false
            },
            {
              "title": "check social links",
              "fullTitle": "Verify login page check social links",
              "timedOut": null,
              "duration": 12506,
              "state": "passed",
              "speed": "slow",
              "pass": true,
              "fail": false,
              "pending": false,
              "context": null,
              "code": "cy.login('standard_user', 'secret_sauce'); //validates twitter social link\ncy.get('.social_twitter a').as('twitter');\ncy.get('@twitter').should('have.attr', 'href', 'https://twitter.com/saucelabs').and('contain.text', 'Twitter');\ncy.get('@twitter').invoke('removeAttr', 'target').click();\ncy.go('back'); //validates facebook social link\ncy.get('.social_facebook a').as('facebook');\ncy.get('@facebook').should('have.attr', 'href', 'https://www.facebook.com/saucelabs').and('contain.text', 'Facebook');\ncy.get('@facebook').invoke('removeAttr', 'target').click();\ncy.go('back'); //validates linkedin social link\ncy.get('.social_linkedin a').as('linkedin');\ncy.get('@linkedin').should('have.attr', 'href', 'https://www.linkedin.com/company/sauce-labs/').and('contain.text', 'LinkedIn');\ncy.get('@linkedin').invoke('removeAttr', 'target').click();\ncy.go('back');",
              "err": {},
              "uuid": "9b0afe78-b064-4f30-92c0-80ba2dd64ff2",
              "parentUUID": "67d7c49e-b062-4e63-963a-843b4bea4d05",
              "isHook": false,
              "skipped": false
            },
            {
              "title": "validate static dropdown",
              "fullTitle": "Verify login page validate static dropdown",
              "timedOut": null,
              "duration": 2897,
              "state": "passed",
              "speed": "fast",
              "pass": true,
              "fail": false,
              "pending": false,
              "context": null,
              "code": "cy.login('standard_user', 'secret_sauce'); //Name (A to Z) option should have value 'az' for a to z order\ncy.get('.product_sort_container').select('Name (A to Z)');\ncy.get('.product_sort_container').should('have.value', 'az');\ncy.get('.active_option').should('have.text', 'Name (A to Z)'); //Name (A to Z) option should have value 'za' for z to a order\ncy.get('.product_sort_container').select('Name (Z to A)');\ncy.get('.product_sort_container').should('have.value', 'za');\ncy.get('.active_option').should('have.text', 'Name (Z to A)'); //Price (high to low) option should have 'hilo' for decending order\ncy.get('.product_sort_container').select('Price (high to low)');\ncy.get('.product_sort_container').should('have.value', 'hilo');\ncy.get('.active_option').should('have.text', 'Price (high to low)');\ncy.get('.pricebar .inventory_item_price').eq(0).should('contain.text', '49.99');\ncy.get('.pricebar .inventory_item_price').eq(5).should('contain.text', '7.99'); //Price (low to high) option should have 'lohi' for decending order\ncy.get('.product_sort_container').select('Price (low to high)');\ncy.get('.active_option').should('have.text', 'Price (low to high)');\ncy.get('.pricebar .inventory_item_price').eq(0).should('contain.text', '7.99');\ncy.get('.pricebar .inventory_item_price').eq(5).should('contain.text', '49.99');",
              "err": {},
              "uuid": "3055078d-1e30-4ecf-9ef7-4d7b39740e92",
              "parentUUID": "67d7c49e-b062-4e63-963a-843b4bea4d05",
              "isHook": false,
              "skipped": false
            },
            {
              "title": "ordering multiple products",
              "fullTitle": "Verify login page ordering multiple products",
              "timedOut": null,
              "duration": 3896,
              "state": "passed",
              "speed": "fast",
              "pass": true,
              "fail": false,
              "pending": false,
              "context": null,
              "code": "cy.login('standard_user', 'secret_sauce'); //clicks on Add to cart button\ncy.get('.pricebar').contains('#add-to-cart-sauce-labs-backpack', 'Add to cart').click();\ncy.get('.pricebar').contains('#add-to-cart-sauce-labs-bike-light', 'Add to cart').click();\ncy.get('.pricebar').contains('#add-to-cart-sauce-labs-bolt-t-shirt', 'Add to cart').click();\ncy.get('.pricebar').contains('#add-to-cart-sauce-labs-fleece-jacket', 'Add to cart').click(); //After clicking on Add to cart the item should be present in the cart icon element\ncy.get('.shopping_cart_badge').should('contain.text', 4).click(); //Navigates to cart page where the products added to cart are present\ncy.url().should('include', 'cart.html');\ncy.get('.cart_item_label').find('.inventory_item_name').eq(0).should('have.class', 'inventory_item_name').and('contain.text', 'Sauce Labs Backpack');\ncy.get('.cart_item_label').find('.inventory_item_name').eq(1).should('contain.text', 'Sauce Labs Bike Light');\ncy.get('.cart_item_label').find('.inventory_item_name').eq(2).should('contain.text', 'Sauce Labs Bolt T-Shirt');\ncy.get('.cart_item_label').find('.inventory_item_name').eq(3).should('contain.text', 'Sauce Labs Fleece Jacket'); //clicks on the checkout button to further the order placement process\ncy.get('.cart_footer').find('#checkout').click(); //types the firstName, lastName and postalCode \ncy.get('[placeholder=\"First Name\"]').type('firstName');\ncy.get('[placeholder=\"Last Name\"]').type('lastName');\ncy.get('[placeholder=\"Zip/Postal Code\"]').type('5000064'); //clicks on continue button\ncy.get('.checkout_buttons input').click(); //navigates to \"checkout-step-two.html\" page for the payment information\ncy.get('.header_secondary_container').should('contain.text', 'Checkout: Overview');\ncy.get('.summary_info .summary_info_label').should('contain.text', 'Payment Information:'); //clicks on the finish button and navigates to \"checkout-complete.html\" page\ncy.get('.cart_footer #finish').click();\ncy.url().should('include', 'checkout-complete.html');\ncy.get('.header_secondary_container').should('contain.text', 'Checkout: Complete!'); //As the order is placed cart icon element should not contain the product\ncy.get('.shopping_cart_link').should('not.have.class', 'shopping_cart_badge');",
              "err": {},
              "uuid": "a249e85d-9d2e-4f8a-9814-706ff6c21f21",
              "parentUUID": "67d7c49e-b062-4e63-963a-843b4bea4d05",
              "isHook": false,
              "skipped": false
            },
            {
              "title": "order highest price product",
              "fullTitle": "Verify login page order highest price product",
              "timedOut": null,
              "duration": 3297,
              "state": "passed",
              "speed": "fast",
              "pass": true,
              "fail": false,
              "pending": false,
              "context": null,
              "code": "cy.login('standard_user', 'secret_sauce'); //selects the price (high to low) in the drop down menu\ncy.get('.product_sort_container').select('Price (high to low)'); //clicks on the Add to cart button\ncy.get('.pricebar').contains('#add-to-cart-sauce-labs-fleece-jacket', 'Add to cart').click(); //After clicking on Add to cart the item should be present in the cart icon element\ncy.get('.shopping_cart_link span').click(); //Navigates to cart page where the products added to cart are present\ncy.url().should('include', 'cart.html');\ncy.get('.cart_item_label').find('.inventory_item_name').should('have.class', 'inventory_item_name').and('contain.text', 'Sauce Labs Fleece Jacket'); //clicks on the checkout button to further the order placement process\ncy.get('.inventory_item_price').invoke('text').as('totalPrice');\ncy.get('.cart_footer').find('#checkout').click(); //types the firstName, lastName and postalCode \ncy.get('[placeholder=\"First Name\"]').type('firstName');\ncy.get('[placeholder=\"Last Name\"]').type('lastName');\ncy.get('[placeholder=\"Zip/Postal Code\"]').type('5000064'); //clicks on continue button\ncy.get('.checkout_buttons input').click(); //navigates to \"checkout-step-two.html\" page for the payment information\ncy.url().should('include', 'checkout-step-two.html');\ncy.get('.header_secondary_container').should('contain.text', 'Checkout: Overview');\ncy.get('.summary_info .summary_info_label').should('contain.text', 'Payment Information:'); //clicks on the finish button and navigates to \"checkout-complete.html\" page\ncy.get('.cart_footer #finish').click();\ncy.url().should('include', 'checkout-complete.html');\ncy.get('.header_secondary_container').should('contain.text', 'Checkout: Complete!'); //As the order is placed cart icon element should not contain the product\ncy.get('.shopping_cart_link').should('not.have.class', 'shopping_cart_badge');",
              "err": {},
              "uuid": "d44d24f5-2b45-491d-80b1-a8daa147ea14",
              "parentUUID": "67d7c49e-b062-4e63-963a-843b4bea4d05",
              "isHook": false,
              "skipped": false
            },
            {
              "title": "order highest price product",
              "fullTitle": "Verify login page order highest price product",
              "timedOut": null,
              "duration": 3572,
              "state": "passed",
              "speed": "fast",
              "pass": true,
              "fail": false,
              "pending": false,
              "context": null,
              "code": "cy.login('standard_user', 'secret_sauce'); //selects the price (low to high) in the drop down menu\ncy.get('.product_sort_container').select('Price (low to high)'); //clicks on the Add to cart button\ncy.get('.pricebar').contains('#add-to-cart-sauce-labs-onesie', 'Add to cart').click(); //After clicking on Add to cart the item should be present in the cart icon element\ncy.get('.shopping_cart_link span').should('have.class', 'shopping_cart_badge').click(); //Navigates to cart page where the products added to cart are present\ncy.url().should('include', 'cart.html');\ncy.get('.cart_item_label').find('.inventory_item_name').should('have.class', 'inventory_item_name').and('contain.text', 'Sauce Labs Onesie'); //clicks on the checkout button to further the order placement process\ncy.get('.cart_footer').find('#checkout').click(); //types the firstName, lastName and postalCode \ncy.get('[placeholder=\"First Name\"]').type('firstName');\ncy.get('[placeholder=\"Last Name\"]').type('lastName');\ncy.get('[placeholder=\"Zip/Postal Code\"]').type('5000064'); //clicks on continue button\ncy.get('.checkout_buttons input').click(); //navigates to \"checkout-step-two.html\" page for the payment information\ncy.url().should('include', 'checkout-step-two.html');\ncy.get('.header_secondary_container').should('contain.text', 'Checkout: Overview');\ncy.get('.summary_info .summary_info_label').should('contain.text', 'Payment Information:'); //clicks on the finish button and navigates to \"checkout-complete.html\" page\ncy.get('.cart_footer #finish').click();\ncy.url().should('include', 'checkout-complete.html');\ncy.get('.header_secondary_container').should('contain.text', 'Checkout: Complete!'); //As the order is placed cart icon element should not contain the product\ncy.get('.shopping_cart_link').should('not.have.class', 'shopping_cart_badge');",
              "err": {},
              "uuid": "fc1b09ab-c6d0-400b-95d0-39578bcc512d",
              "parentUUID": "67d7c49e-b062-4e63-963a-843b4bea4d05",
              "isHook": false,
              "skipped": false
            }
          ],
          "suites": [],
          "passes": [
            "bc0ffb64-1235-44a1-a7f8-e14f10152ca9",
            "51645928-c76b-4e56-8cde-fc4f519ae02a",
            "997b4e57-5788-4bc4-8b3f-10f5c1c3caa4",
            "812bb901-4c14-48ed-8196-db45130a72f5",
            "91e98759-6e57-4eee-ae14-19102fc8b592",
            "f950b358-4793-45b7-b64d-9aceeea07b39",
            "9ff19aab-0b70-433e-8f44-c44d3e3369c2",
            "2c69e4cc-981f-4ff0-9822-fea7f6e73adc",
            "9b0afe78-b064-4f30-92c0-80ba2dd64ff2",
            "3055078d-1e30-4ecf-9ef7-4d7b39740e92",
            "a249e85d-9d2e-4f8a-9814-706ff6c21f21",
            "d44d24f5-2b45-491d-80b1-a8daa147ea14",
            "fc1b09ab-c6d0-400b-95d0-39578bcc512d"
          ],
          "failures": [],
          "pending": [],
          "skipped": [],
          "duration": 38801,
          "root": false,
          "rootEmpty": false,
          "_timeout": 2000
        }
      ],
      "passes": [],
      "failures": [],
      "pending": [],
      "skipped": [],
      "duration": 0,
      "root": true,
      "rootEmpty": true,
      "_timeout": 2000
    }
  ],
  "meta": {
    "mocha": {
      "version": "7.0.1"
    },
    "mochawesome": {
      "options": {
        "quiet": false,
        "reportFilename": "mochawesome",
        "saveHtml": true,
        "saveJson": true,
        "consoleReporter": "spec",
        "useInlineDiffs": false,
        "code": true
      },
      "version": "7.1.3"
    },
    "marge": {
      "options": {
        "id": "default",
        "reportDir": "cypress/reports/mocha",
        "quite": true,
        "overwrite": false,
        "html": true,
        "json": true
      },
      "version": "6.2.0"
    }
  }
}