{
  "stats": {
    "suites": 0,
    "tests": 2,
    "passes": 2,
    "pending": 0,
    "failures": 0,
    "start": "2022-06-16T09:40:32.421Z",
    "end": "2022-06-16T09:40:40.372Z",
    "duration": 7951,
    "testsRegistered": 2,
    "passPercent": 100,
    "pendingPercent": 0,
    "other": 0,
    "hasOther": false,
    "skipped": 0,
    "hasSkipped": false
  },
  "results": [
    {
      "uuid": "35aec25c-9316-45ed-84c2-b0e5b44c3d0b",
      "title": "",
      "fullFile": "cypress/integration/invokeCommand.spec.js",
      "file": "cypress/integration/invokeCommand.spec.js",
      "beforeHooks": [],
      "afterHooks": [],
      "tests": [
        {
          "title": "invoke command",
          "fullTitle": "invoke command",
          "timedOut": null,
          "duration": 3538,
          "state": "passed",
          "speed": "fast",
          "pass": true,
          "fail": false,
          "pending": false,
          "context": null,
          "code": "cy.visit('/');\ncy.contains('Forms').click();\ncy.contains('Form Layouts').click(); //1\ncy.get('[for=\"exampleInputEmail1\"]').should('contain.text', 'Email address'); //2\ncy.get('[for=\"exampleInputEmail1\"]').then(label => {\n  expect(label.text()).to.equal('Email address');\n}); //3\ncy.get('[for=\"exampleInputEmail1\"]').invoke('text').then(text => {\n  expect(text).to.equal('Email address');\n});\ncy.contains('nb-card', 'Basic form').find('nb-checkbox').click().find('.custom-checkbox').invoke('attr', 'class') // .should('contain','checked')\n.then(classValue => {\n  expect(classValue).to.contain('checked');\n});",
          "err": {},
          "uuid": "a3bec86c-15f5-4584-8273-73eb601a09e3",
          "parentUUID": "35aec25c-9316-45ed-84c2-b0e5b44c3d0b",
          "isHook": false,
          "skipped": false
        },
        {
          "title": "assert property",
          "fullTitle": "assert property",
          "timedOut": null,
          "duration": 4270,
          "state": "passed",
          "speed": "fast",
          "pass": true,
          "fail": false,
          "pending": false,
          "context": null,
          "code": "cy.visit('/');\ncy.contains('Forms').click();\ncy.contains('Datepicker').click();\ncy.contains('nb-card', 'Common Datepicker').find('input').then(input => {\n  cy.wrap(input).click();\n  cy.get('nb-calendar-day-picker').contains('17').click();\n  cy.wrap(input).invoke('prop', 'value').should('contain', 'Jun 17, 2022');\n});",
          "err": {},
          "uuid": "2d97cd3d-1f28-49c0-9ad7-296dd95b1afd",
          "parentUUID": "35aec25c-9316-45ed-84c2-b0e5b44c3d0b",
          "isHook": false,
          "skipped": false
        }
      ],
      "suites": [],
      "passes": [
        "a3bec86c-15f5-4584-8273-73eb601a09e3",
        "2d97cd3d-1f28-49c0-9ad7-296dd95b1afd"
      ],
      "failures": [],
      "pending": [],
      "skipped": [],
      "duration": 7808,
      "root": true,
      "rootEmpty": false,
      "_timeout": 2000
    }
  ],
  "meta": {
    "mocha": {
      "version": "7.0.1"
    },
    "mochawesome": {
      "options": {
        "quiet": false,
        "reportFilename": "mochawesome",
        "saveHtml": true,
        "saveJson": true,
        "consoleReporter": "spec",
        "useInlineDiffs": false,
        "code": true
      },
      "version": "7.1.3"
    },
    "marge": {
      "options": {
        "id": "default",
        "reportDir": "cypress/reports/mocha",
        "quite": true,
        "overwrite": false,
        "html": true,
        "json": true
      },
      "version": "6.2.0"
    }
  }
}